2.6586683
2.3773165
2.0748205
1.8284806
1.6541772
1.4680563
1.3230615
1.3440948
1.2057732
1.0533979
0.952857
0.9190868
0.9249973
0.8573829
0.925449
0.75807995
0.7408159
0.78321654
0.5768798
0.6050338
0.61582595
0.5275584
0.6164993
0.5503353
0.5820985
0.49559
0.5739391
0.50934446
0.45843685
0.57044417
0.555724
0.5712736
0.54483503
0.44355142
0.46533626
0.44543716
0.41344607
0.51690966
0.40991658
0.4752884
0.38489178
0.48691452
0.49782157
0.36394283
0.4230845
0.46998543
0.4209656
0.43203223
0.361942
0.50002295
0.45331314
0.36541793
0.4713862
0.38633195
0.36040697
0.30918568
0.3315377
0.3424593
0.23555085
0.2870599
